Using pre-set license
Built from '2020.2/release' branch; Version is '2020.2.4f1 (becced5a802b) revision 12504301'; Using compiler version '192528614'; Build Type 'Release'
OS: 'Windows 10 Pro; OS build 19044.1706; Version 2009; 64bit' Language: 'fr' Physical Memory: 8067 MB
BatchMode: 1, IsHumanControllingUs: 0, StartBugReporterOnCrash: 0, Is64bit: 1, IsPro: 0

 COMMAND LINE ARGUMENTS:
C:\Program Files\Unity\Hub\Editor\2019.3.0f6\Editor\Unity.exe
-adb2
-batchMode
-noUpm
-name
AssetImportWorker0
-projectPath
C:/Wyatt/IMT_Atlantique/TC/Cours/IHM/Number-Invaders/Number-Invaders
-logFile
Logs/AssetImportWorker0.log
-srvPort
63326
Successfully changed project path to: C:/Wyatt/IMT_Atlantique/TC/Cours/IHM/Number-Invaders/Number-Invaders
C:/Wyatt/IMT_Atlantique/TC/Cours/IHM/Number-Invaders/Number-Invaders
Using Asset Import Pipeline V2.
Refreshing native plugins compatible for Editor in 243.97 ms, found 0 plugins.
Preloading 0 native plugins for Editor in 0.00 ms.
Initialize engine version: 2020.2.4f1 (becced5a802b)
[Subsystems] Discovering subsystems at path C:/Program Files/Unity/Hub/Editor/2019.3.0f6/Editor/Data/Resources/UnitySubsystems
[Subsystems] Discovering subsystems at path C:/Wyatt/IMT_Atlantique/TC/Cours/IHM/Number-Invaders/Number-Invaders/Assets
GfxDevice: creating device client; threaded=0
Direct3D:
    Version:  Direct3D 11.0 [level 11.1]
    Renderer: AMD FirePro (TM) W4190M (ID=0x6604)
    Vendor:   
    VRAM:     2028 MB
    Driver:   27.20.20904.1004
Initialize mono
Mono path[0] = 'C:/Program Files/Unity/Hub/Editor/2019.3.0f6/Editor/Data/Managed'
Mono path[1] = 'C:/Program Files/Unity/Hub/Editor/2019.3.0f6/Editor/Data/MonoBleedingEdge/lib/mono/unityjit'
Mono config path = 'C:/Program Files/Unity/Hub/Editor/2019.3.0f6/Editor/Data/MonoBleedingEdge/etc'
Using monoOptions --debugger-agent=transport=dt_socket,embedding=1,server=y,suspend=n,address=127.0.0.1:56360
Begin MonoManager ReloadAssembly
Registering precompiled unity dll's ...
Register platform support module: C:/Program Files/Unity/Hub/Editor/2019.3.0f6/Editor/Data/PlaybackEngines/WindowsStandaloneSupport/UnityEditor.WindowsStandalone.Extensions.dll
Registered in 0.006260 seconds.
Native extension for WindowsStandalone target not found
Refreshing native plugins compatible for Editor in 57.50 ms, found 0 plugins.
Preloading 0 native plugins for Editor in 0.00 ms.
Invoked RoslynAnalysisRunner static constructor.
RoslynAnalysisRunner will not be running.
RoslynAnalysisRunner has terminated.
Mono: successfully reloaded assembly
- Completed reload, in  2.777 seconds
Platform modules already initialized, skipping
Registering precompiled user dll's ...
Registered in 0.006774 seconds.
Begin MonoManager ReloadAssembly
Native extension for WindowsStandalone target not found
Refreshing native plugins compatible for Editor in 0.45 ms, found 0 plugins.
Preloading 0 native plugins for Editor in 0.00 ms.
Invoked RoslynAnalysisRunner static constructor.
RoslynAnalysisRunner will not be running.
RoslynAnalysisRunner has terminated.
Mono: successfully reloaded assembly
- Completed reload, in  1.169 seconds
Platform modules already initialized, skipping
========================================================================
Worker process is ready to serve import requests
Launched and connected shader compiler UnityShaderCompiler.exe after 0.08 seconds
Refreshing native plugins compatible for Editor in 0.45 ms, found 0 plugins.
Preloading 0 native plugins for Editor in 0.00 ms.
Unloading 1433 Unused Serialized files (Serialized files now loaded: 0)
System memory in use before: 74.4 MB.
System memory in use after: 74.4 MB.

Unloading 33 unused Assets to reduce memory usage. Loaded Objects now: 1875.
Total: 4.995800 ms (FindLiveObjects: 0.355600 ms CreateObjectMapping: 0.103600 ms MarkObjects: 4.411600 ms  DeleteObjects: 0.121800 ms)

========================================================================
Received Import Request.
  path: Assets/prefabs/Turret/Gun turret.prefab
  artifactKey: Guid(b4c4f2fe1ea5d0345a005f33b3b91058) Importer(815301076,1909f56bfc062723c751e8b465ee728b)
Start importing Assets/prefabs/Turret/Gun turret.prefab using Guid(b4c4f2fe1ea5d0345a005f33b3b91058) Importer(815301076,1909f56bfc062723c751e8b465ee728b)  -> (artifact id: 'ae7c26d1914f84f51e373e2331acad7b') in 0.239095 seconds
  Import took 0.244303 seconds .

========================================================================
Received Import Request.
  Time since last request: 499.223312 seconds.
  path: Assets/prefabs/Turret/TurretMissile 1.prefab
  artifactKey: Guid(0f074abe5714b784aac475b2a57bb4a0) Importer(815301076,1909f56bfc062723c751e8b465ee728b)
Start importing Assets/prefabs/Turret/TurretMissile 1.prefab using Guid(0f074abe5714b784aac475b2a57bb4a0) Importer(815301076,1909f56bfc062723c751e8b465ee728b)  -> (artifact id: 'af7bb22437a147010796d7cf4c883a8e') in 0.034168 seconds
  Import took 0.047104 seconds .

========================================================================
Received Import Request.
  Time since last request: 0.011738 seconds.
  path: Assets/prefabs/Turret/TurretMissile 1.prefab
  artifactKey: Guid(0f074abe5714b784aac475b2a57bb4a0) Importer(815301076,1909f56bfc062723c751e8b465ee728b)
Start importing Assets/prefabs/Turret/TurretMissile 1.prefab using Guid(0f074abe5714b784aac475b2a57bb4a0) Importer(815301076,1909f56bfc062723c751e8b465ee728b)  -> (artifact id: 'af7bb22437a147010796d7cf4c883a8e') in 0.014851 seconds
  Import took 0.023100 seconds .

========================================================================
Received Import Request.
  Time since last request: 146.799061 seconds.
  path: Assets/prefabs/Turret/turret.prefab
  artifactKey: Guid(80038273aefd988458245e78f474fbaf) Importer(815301076,1909f56bfc062723c751e8b465ee728b)
Start importing Assets/prefabs/Turret/turret.prefab using Guid(80038273aefd988458245e78f474fbaf) Importer(815301076,1909f56bfc062723c751e8b465ee728b)  -> (artifact id: '1dced860d0d22124d35245302043ad22') in 0.059301 seconds
  Import took 0.064425 seconds .

========================================================================
Received Import Request.
  Time since last request: 0.002773 seconds.
  path: Assets/prefabs/Turret/turret.prefab
  artifactKey: Guid(80038273aefd988458245e78f474fbaf) Importer(815301076,1909f56bfc062723c751e8b465ee728b)
Start importing Assets/prefabs/Turret/turret.prefab using Guid(80038273aefd988458245e78f474fbaf) Importer(815301076,1909f56bfc062723c751e8b465ee728b)  -> (artifact id: '1dced860d0d22124d35245302043ad22') in 0.028947 seconds
  Import took 0.035620 seconds .

========================================================================
Received Import Request.
  Time since last request: 1.596661 seconds.
  path: Assets/prefabs/Turret/Turret missile.prefab
  artifactKey: Guid(95e35970c58c5534b823a9790e96e7ca) Importer(815301076,1909f56bfc062723c751e8b465ee728b)
Start importing Assets/prefabs/Turret/Turret missile.prefab using Guid(95e35970c58c5534b823a9790e96e7ca) Importer(815301076,1909f56bfc062723c751e8b465ee728b)  -> (artifact id: '9dacd4472b9a25f8c79ce1c1bbc64aa9') in 0.053558 seconds
  Import took 0.059528 seconds .

========================================================================
Received Import Request.
  Time since last request: 0.001558 seconds.
  path: Assets/prefabs/Turret/Turret missile.prefab
  artifactKey: Guid(95e35970c58c5534b823a9790e96e7ca) Importer(815301076,1909f56bfc062723c751e8b465ee728b)
Start importing Assets/prefabs/Turret/Turret missile.prefab using Guid(95e35970c58c5534b823a9790e96e7ca) Importer(815301076,1909f56bfc062723c751e8b465ee728b)  -> (artifact id: '9dacd4472b9a25f8c79ce1c1bbc64aa9') in 0.023714 seconds
  Import took 0.031373 seconds .

========================================================================
Received Import Request.
  Time since last request: 84.808831 seconds.
  path: Assets/scripts/Manager/GunTuretManager.cs
  artifactKey: Guid(d8d7d77c7bd23b246b70b1ed5e9f4b44) Importer(815301076,1909f56bfc062723c751e8b465ee728b)
Start importing Assets/scripts/Manager/GunTuretManager.cs using Guid(d8d7d77c7bd23b246b70b1ed5e9f4b44) Importer(815301076,1909f56bfc062723c751e8b465ee728b)  -> (artifact id: 'ea2f4ba6de933462dc7bea024f44a216') in 0.040527 seconds
  Import took 0.047181 seconds .

========================================================================
Received Prepare
Registering precompiled user dll's ...
Registered in 0.002632 seconds.
Begin MonoManager ReloadAssembly
Native extension for WindowsStandalone target not found
Refreshing native plugins compatible for Editor in 0.46 ms, found 0 plugins.
Preloading 0 native plugins for Editor in 0.00 ms.
Invoked RoslynAnalysisRunner static constructor.
RoslynAnalysisRunner will not be running.
RoslynAnalysisRunner has terminated.
Mono: successfully reloaded assembly
- Completed reload, in  1.597 seconds
Platform modules already initialized, skipping
Refreshing native plugins compatible for Editor in 0.72 ms, found 0 plugins.
Preloading 0 native plugins for Editor in 0.00 ms.
Unloading 1421 Unused Serialized files (Serialized files now loaded: 0)
System memory in use before: 76.9 MB.
System memory in use after: 77.0 MB.

Unloading 24 unused Assets to reduce memory usage. Loaded Objects now: 1884.
Total: 2.767900 ms (FindLiveObjects: 0.218900 ms CreateObjectMapping: 0.068200 ms MarkObjects: 2.442700 ms  DeleteObjects: 0.035100 ms)

========================================================================
Received Prepare
Registering precompiled user dll's ...
Registered in 0.006005 seconds.
Begin MonoManager ReloadAssembly
Native extension for WindowsStandalone target not found
Refreshing native plugins compatible for Editor in 0.50 ms, found 0 plugins.
Preloading 0 native plugins for Editor in 0.00 ms.
Invoked RoslynAnalysisRunner static constructor.
RoslynAnalysisRunner will not be running.
RoslynAnalysisRunner has terminated.
Mono: successfully reloaded assembly
- Completed reload, in  1.134 seconds
Platform modules already initialized, skipping
Refreshing native plugins compatible for Editor in 0.49 ms, found 0 plugins.
Preloading 0 native plugins for Editor in 0.00 ms.
Unloading 1421 Unused Serialized files (Serialized files now loaded: 0)
System memory in use before: 76.9 MB.
System memory in use after: 77.0 MB.

Unloading 24 unused Assets to reduce memory usage. Loaded Objects now: 1886.
Total: 2.922900 ms (FindLiveObjects: 0.320400 ms CreateObjectMapping: 0.115400 ms MarkObjects: 2.444900 ms  DeleteObjects: 0.039600 ms)

========================================================================
Received Prepare
Registering precompiled user dll's ...
Registered in 0.004600 seconds.
Begin MonoManager ReloadAssembly
Native extension for WindowsStandalone target not found
Refreshing native plugins compatible for Editor in 0.50 ms, found 0 plugins.
Preloading 0 native plugins for Editor in 0.00 ms.
Invoked RoslynAnalysisRunner static constructor.
RoslynAnalysisRunner will not be running.
RoslynAnalysisRunner has terminated.
Mono: successfully reloaded assembly
- Completed reload, in  1.138 seconds
Platform modules already initialized, skipping
Refreshing native plugins compatible for Editor in 0.76 ms, found 0 plugins.
Preloading 0 native plugins for Editor in 0.00 ms.
Unloading 1421 Unused Serialized files (Serialized files now loaded: 0)
System memory in use before: 76.9 MB.
System memory in use after: 77.0 MB.

Unloading 24 unused Assets to reduce memory usage. Loaded Objects now: 1888.
Total: 3.807400 ms (FindLiveObjects: 0.381800 ms CreateObjectMapping: 0.215100 ms MarkObjects: 3.179400 ms  DeleteObjects: 0.028600 ms)

========================================================================
Received Prepare
Registering precompiled user dll's ...
Registered in 0.002896 seconds.
Begin MonoManager ReloadAssembly
Native extension for WindowsStandalone target not found
Refreshing native plugins compatible for Editor in 0.47 ms, found 0 plugins.
Preloading 0 native plugins for Editor in 0.00 ms.
Invoked RoslynAnalysisRunner static constructor.
RoslynAnalysisRunner will not be running.
RoslynAnalysisRunner has terminated.
Mono: successfully reloaded assembly
- Completed reload, in  1.035 seconds
Platform modules already initialized, skipping
Refreshing native plugins compatible for Editor in 0.50 ms, found 0 plugins.
Preloading 0 native plugins for Editor in 0.00 ms.
Unloading 1421 Unused Serialized files (Serialized files now loaded: 0)
System memory in use before: 76.9 MB.
System memory in use after: 77.0 MB.

Unloading 24 unused Assets to reduce memory usage. Loaded Objects now: 1890.
Total: 4.104700 ms (FindLiveObjects: 0.555900 ms CreateObjectMapping: 0.219700 ms MarkObjects: 3.293900 ms  DeleteObjects: 0.032600 ms)

========================================================================
Received Prepare
Registering precompiled user dll's ...
Registered in 0.003060 seconds.
Begin MonoManager ReloadAssembly
Native extension for WindowsStandalone target not found
Refreshing native plugins compatible for Editor in 0.88 ms, found 0 plugins.
Preloading 0 native plugins for Editor in 0.00 ms.
Invoked RoslynAnalysisRunner static constructor.
RoslynAnalysisRunner will not be running.
RoslynAnalysisRunner has terminated.
Mono: successfully reloaded assembly
- Completed reload, in  1.226 seconds
Platform modules already initialized, skipping
Refreshing native plugins compatible for Editor in 0.50 ms, found 0 plugins.
Preloading 0 native plugins for Editor in 0.00 ms.
Unloading 1421 Unused Serialized files (Serialized files now loaded: 0)
System memory in use before: 76.9 MB.
System memory in use after: 77.0 MB.

Unloading 24 unused Assets to reduce memory usage. Loaded Objects now: 1892.
Total: 2.912800 ms (FindLiveObjects: 0.341900 ms CreateObjectMapping: 0.122400 ms MarkObjects: 2.416200 ms  DeleteObjects: 0.030100 ms)

========================================================================
Received Prepare
Registering precompiled user dll's ...
Registered in 0.002840 seconds.
Begin MonoManager ReloadAssembly
Native extension for WindowsStandalone target not found
Refreshing native plugins compatible for Editor in 0.97 ms, found 0 plugins.
Preloading 0 native plugins for Editor in 0.00 ms.
Invoked RoslynAnalysisRunner static constructor.
RoslynAnalysisRunner will not be running.
RoslynAnalysisRunner has terminated.
Mono: successfully reloaded assembly
- Completed reload, in  1.154 seconds
Platform modules already initialized, skipping
Refreshing native plugins compatible for Editor in 0.50 ms, found 0 plugins.
Preloading 0 native plugins for Editor in 0.00 ms.
Unloading 1421 Unused Serialized files (Serialized files now loaded: 0)
System memory in use before: 76.9 MB.
System memory in use after: 77.1 MB.

Unloading 24 unused Assets to reduce memory usage. Loaded Objects now: 1894.
Total: 2.993300 ms (FindLiveObjects: 0.323900 ms CreateObjectMapping: 0.132700 ms MarkObjects: 2.499900 ms  DeleteObjects: 0.032900 ms)

========================================================================
Received Import Request.
  Time since last request: 855.941969 seconds.
  path: Assets/prefabs/Turret/Gun turret.prefab
  artifactKey: Guid(80038273aefd988458245e78f474fbaf) Importer(815301076,1909f56bfc062723c751e8b465ee728b)
Start importing Assets/prefabs/Turret/Gun turret.prefab using Guid(80038273aefd988458245e78f474fbaf) Importer(815301076,1909f56bfc062723c751e8b465ee728b)  -> (artifact id: 'db2fccfa7d203eec60d52e1f537e184f') in 0.129747 seconds
  Import took 0.134587 seconds .

========================================================================
Received Prepare
Registering precompiled user dll's ...
Registered in 0.004874 seconds.
Begin MonoManager ReloadAssembly
Native extension for WindowsStandalone target not found
Refreshing native plugins compatible for Editor in 0.47 ms, found 0 plugins.
Preloading 0 native plugins for Editor in 0.00 ms.
Invoked RoslynAnalysisRunner static constructor.
RoslynAnalysisRunner will not be running.
RoslynAnalysisRunner has terminated.
Mono: successfully reloaded assembly
- Completed reload, in  1.089 seconds
Platform modules already initialized, skipping
Refreshing native plugins compatible for Editor in 1.38 ms, found 0 plugins.
Preloading 0 native plugins for Editor in 0.00 ms.
Unloading 1421 Unused Serialized files (Serialized files now loaded: 0)
System memory in use before: 77.0 MB.
System memory in use after: 77.1 MB.

Unloading 24 unused Assets to reduce memory usage. Loaded Objects now: 1897.
Total: 4.917300 ms (FindLiveObjects: 0.562100 ms CreateObjectMapping: 0.197500 ms MarkObjects: 4.115100 ms  DeleteObjects: 0.039600 ms)

========================================================================
Received Import Request.
  Time since last request: 38.176244 seconds.
  path: Assets/prefabs/Turret/Gun Turret.prefab
  artifactKey: Guid(80038273aefd988458245e78f474fbaf) Importer(815301076,1909f56bfc062723c751e8b465ee728b)
Start importing Assets/prefabs/Turret/Gun Turret.prefab using Guid(80038273aefd988458245e78f474fbaf) Importer(815301076,1909f56bfc062723c751e8b465ee728b)  -> (artifact id: '4e95c7d9c9dc6dd268e794164e7c08e7') in 0.102856 seconds
  Import took 0.106963 seconds .

========================================================================
Received Prepare
Registering precompiled user dll's ...
Registered in 0.003816 seconds.
Begin MonoManager ReloadAssembly
Native extension for WindowsStandalone target not found
Refreshing native plugins compatible for Editor in 0.47 ms, found 0 plugins.
Preloading 0 native plugins for Editor in 0.00 ms.
Invoked RoslynAnalysisRunner static constructor.
RoslynAnalysisRunner will not be running.
RoslynAnalysisRunner has terminated.
Mono: successfully reloaded assembly
- Completed reload, in  1.175 seconds
Platform modules already initialized, skipping
Refreshing native plugins compatible for Editor in 0.49 ms, found 0 plugins.
Preloading 0 native plugins for Editor in 0.00 ms.
Unloading 1421 Unused Serialized files (Serialized files now loaded: 0)
System memory in use before: 77.0 MB.
System memory in use after: 77.1 MB.

Unloading 24 unused Assets to reduce memory usage. Loaded Objects now: 1900.
Total: 2.309300 ms (FindLiveObjects: 0.242800 ms CreateObjectMapping: 0.088300 ms MarkObjects: 1.952200 ms  DeleteObjects: 0.024700 ms)

========================================================================
Received Import Request.
  Time since last request: 102.699996 seconds.
  path: Assets/prefabs/Turret/Turret missile.prefab
  artifactKey: Guid(95e35970c58c5534b823a9790e96e7ca) Importer(815301076,1909f56bfc062723c751e8b465ee728b)
Start importing Assets/prefabs/Turret/Turret missile.prefab using Guid(95e35970c58c5534b823a9790e96e7ca) Importer(815301076,1909f56bfc062723c751e8b465ee728b)  -> (artifact id: '1d88e67155ebf8b64506eec9eb20d8af') in 0.107931 seconds
  Import took 0.113056 seconds .

========================================================================
Received Import Request.
  Time since last request: 19.904153 seconds.
  path: Assets/prefabs/Turret/Turret missile.prefab
  artifactKey: Guid(95e35970c58c5534b823a9790e96e7ca) Importer(815301076,1909f56bfc062723c751e8b465ee728b)
Start importing Assets/prefabs/Turret/Turret missile.prefab using Guid(95e35970c58c5534b823a9790e96e7ca) Importer(815301076,1909f56bfc062723c751e8b465ee728b)  -> (artifact id: '9238c408986c6c96e68f328e997a1361') in 0.019915 seconds
  Import took 0.026204 seconds .

========================================================================
Received Import Request.
  Time since last request: 0.008297 seconds.
  path: Assets/prefabs/Turret/Turret missile.prefab
  artifactKey: Guid(95e35970c58c5534b823a9790e96e7ca) Importer(815301076,1909f56bfc062723c751e8b465ee728b)
Start importing Assets/prefabs/Turret/Turret missile.prefab using Guid(95e35970c58c5534b823a9790e96e7ca) Importer(815301076,1909f56bfc062723c751e8b465ee728b)  -> (artifact id: '9238c408986c6c96e68f328e997a1361') in 0.050605 seconds
  Import took 0.055936 seconds .

========================================================================
Received Prepare
Registering precompiled user dll's ...
Registered in 0.002757 seconds.
Begin MonoManager ReloadAssembly
Native extension for WindowsStandalone target not found
Refreshing native plugins compatible for Editor in 0.75 ms, found 0 plugins.
Preloading 0 native plugins for Editor in 0.00 ms.
Invoked RoslynAnalysisRunner static constructor.
RoslynAnalysisRunner will not be running.
RoslynAnalysisRunner has terminated.
Mono: successfully reloaded assembly
- Completed reload, in  2.240 seconds
Platform modules already initialized, skipping
Refreshing native plugins compatible for Editor in 3.07 ms, found 0 plugins.
Preloading 0 native plugins for Editor in 0.00 ms.
Unloading 1421 Unused Serialized files (Serialized files now loaded: 0)
System memory in use before: 77.0 MB.
System memory in use after: 77.1 MB.

Unloading 24 unused Assets to reduce memory usage. Loaded Objects now: 1903.
Total: 4.653500 ms (FindLiveObjects: 0.346800 ms CreateObjectMapping: 0.820800 ms MarkObjects: 3.441600 ms  DeleteObjects: 0.041000 ms)

========================================================================
Received Import Request.
  Time since last request: 14.065038 seconds.
  path: Assets/prefabs/Turret/Turret missile.prefab
  artifactKey: Guid(95e35970c58c5534b823a9790e96e7ca) Importer(815301076,1909f56bfc062723c751e8b465ee728b)
Start importing Assets/prefabs/Turret/Turret missile.prefab using Guid(95e35970c58c5534b823a9790e96e7ca) Importer(815301076,1909f56bfc062723c751e8b465ee728b)  -> (artifact id: '1ac18820f7a149908616433de0758eed') in 0.176106 seconds
  Import took 0.187217 seconds .

========================================================================
Received Import Request.
  Time since last request: 34.305067 seconds.
  path: Assets/prefabs/Turret/Turret missile.prefab
  artifactKey: Guid(95e35970c58c5534b823a9790e96e7ca) Importer(815301076,1909f56bfc062723c751e8b465ee728b)
Start importing Assets/prefabs/Turret/Turret missile.prefab using Guid(95e35970c58c5534b823a9790e96e7ca) Importer(815301076,1909f56bfc062723c751e8b465ee728b)  -> (artifact id: '27a0f6515e6c27fe4a57ad66b2881b44') in 0.022445 seconds
  Import took 0.029126 seconds .

========================================================================
Received Prepare
Registering precompiled user dll's ...
Registered in 0.002904 seconds.
Begin MonoManager ReloadAssembly
Native extension for WindowsStandalone target not found
Refreshing native plugins compatible for Editor in 0.52 ms, found 0 plugins.
Preloading 0 native plugins for Editor in 0.00 ms.
Invoked RoslynAnalysisRunner static constructor.
RoslynAnalysisRunner will not be running.
RoslynAnalysisRunner has terminated.
Mono: successfully reloaded assembly
- Completed reload, in  1.044 seconds
Platform modules already initialized, skipping
Refreshing native plugins compatible for Editor in 0.59 ms, found 0 plugins.
Preloading 0 native plugins for Editor in 0.00 ms.
Unloading 1421 Unused Serialized files (Serialized files now loaded: 0)
System memory in use before: 77.0 MB.
System memory in use after: 77.1 MB.

Unloading 24 unused Assets to reduce memory usage. Loaded Objects now: 1906.
Total: 2.549200 ms (FindLiveObjects: 0.355900 ms CreateObjectMapping: 0.175600 ms MarkObjects: 1.988500 ms  DeleteObjects: 0.025300 ms)

========================================================================
Received Prepare
Registering precompiled user dll's ...
Registered in 0.003893 seconds.
Begin MonoManager ReloadAssembly
Native extension for WindowsStandalone target not found
Refreshing native plugins compatible for Editor in 0.66 ms, found 0 plugins.
Preloading 0 native plugins for Editor in 0.00 ms.
Invoked RoslynAnalysisRunner static constructor.
RoslynAnalysisRunner will not be running.
RoslynAnalysisRunner has terminated.
Mono: successfully reloaded assembly
- Completed reload, in  1.159 seconds
Platform modules already initialized, skipping
Refreshing native plugins compatible for Editor in 0.49 ms, found 0 plugins.
Preloading 0 native plugins for Editor in 0.00 ms.
Unloading 1421 Unused Serialized files (Serialized files now loaded: 0)
System memory in use before: 77.0 MB.
System memory in use after: 77.1 MB.

Unloading 24 unused Assets to reduce memory usage. Loaded Objects now: 1908.
Total: 2.274200 ms (FindLiveObjects: 0.287300 ms CreateObjectMapping: 0.142100 ms MarkObjects: 1.815400 ms  DeleteObjects: 0.026500 ms)

========================================================================
Received Import Request.
  Time since last request: 185.885151 seconds.
  path: Assets/prefabs/Turret/Turet Missile1.prefab
  artifactKey: Guid(5ac313a458cb8f4488704f79063f6bc8) Importer(815301076,1909f56bfc062723c751e8b465ee728b)
Start importing Assets/prefabs/Turret/Turet Missile1.prefab using Guid(5ac313a458cb8f4488704f79063f6bc8) Importer(815301076,1909f56bfc062723c751e8b465ee728b)  -> (artifact id: 'ca8b307529f53d1effe9a24d60fa6305') in 0.103075 seconds
  Import took 0.109671 seconds .

========================================================================
Received Import Request.
  Time since last request: 0.007016 seconds.
  path: Assets/prefabs/Turret/Turet Missile1.prefab
  artifactKey: Guid(5ac313a458cb8f4488704f79063f6bc8) Importer(815301076,1909f56bfc062723c751e8b465ee728b)
Start importing Assets/prefabs/Turret/Turet Missile1.prefab using Guid(5ac313a458cb8f4488704f79063f6bc8) Importer(815301076,1909f56bfc062723c751e8b465ee728b)  -> (artifact id: 'ca8b307529f53d1effe9a24d60fa6305') in 0.019024 seconds
  Import took 0.023146 seconds .

========================================================================
Received Prepare
Registering precompiled user dll's ...
Registered in 0.003271 seconds.
Begin MonoManager ReloadAssembly
Native extension for WindowsStandalone target not found
Refreshing native plugins compatible for Editor in 0.51 ms, found 0 plugins.
Preloading 0 native plugins for Editor in 0.00 ms.
Invoked RoslynAnalysisRunner static constructor.
RoslynAnalysisRunner will not be running.
RoslynAnalysisRunner has terminated.
Mono: successfully reloaded assembly
- Completed reload, in  1.087 seconds
Platform modules already initialized, skipping
Refreshing native plugins compatible for Editor in 0.51 ms, found 0 plugins.
Preloading 0 native plugins for Editor in 0.00 ms.
Unloading 1421 Unused Serialized files (Serialized files now loaded: 0)
System memory in use before: 77.0 MB.
System memory in use after: 77.1 MB.

Unloading 24 unused Assets to reduce memory usage. Loaded Objects now: 1911.
Total: 2.511100 ms (FindLiveObjects: 0.431100 ms CreateObjectMapping: 0.179500 ms MarkObjects: 1.854100 ms  DeleteObjects: 0.042000 ms)

========================================================================
Received Import Request.
  Time since last request: 95.832425 seconds.
  path: Assets/prefabs/Turret/Turet Missile1.prefab
  artifactKey: Guid(5ac313a458cb8f4488704f79063f6bc8) Importer(815301076,1909f56bfc062723c751e8b465ee728b)
Start importing Assets/prefabs/Turret/Turet Missile1.prefab using Guid(5ac313a458cb8f4488704f79063f6bc8) Importer(815301076,1909f56bfc062723c751e8b465ee728b)  -> (artifact id: 'd1af9c7e25ea24a376671d81fe1e099a') in 0.125317 seconds
  Import took 0.133999 seconds .

========================================================================
Received Import Request.
  Time since last request: 3.097604 seconds.
  path: Assets/prefabs/Turret/Turet Missile1.prefab
  artifactKey: Guid(5ac313a458cb8f4488704f79063f6bc8) Importer(815301076,1909f56bfc062723c751e8b465ee728b)
Start importing Assets/prefabs/Turret/Turet Missile1.prefab using Guid(5ac313a458cb8f4488704f79063f6bc8) Importer(815301076,1909f56bfc062723c751e8b465ee728b)  -> (artifact id: '00dc1f350f0bfce29d5fa49d8b534753') in 0.034214 seconds
  Import took 0.040527 seconds .

========================================================================
Received Import Request.
  Time since last request: 6.021189 seconds.
  path: Assets/prefabs/Turret/Turet Missile1.prefab
  artifactKey: Guid(5ac313a458cb8f4488704f79063f6bc8) Importer(815301076,1909f56bfc062723c751e8b465ee728b)
Start importing Assets/prefabs/Turret/Turet Missile1.prefab using Guid(5ac313a458cb8f4488704f79063f6bc8) Importer(815301076,1909f56bfc062723c751e8b465ee728b)  -> (artifact id: '6d1ed24640876fdd856897c8d2603958') in 0.020660 seconds
  Import took 0.029860 seconds .

========================================================================
Received Import Request.
  Time since last request: 1.634042 seconds.
  path: Assets/prefabs/Turret/Turet Missile1.prefab
  artifactKey: Guid(5ac313a458cb8f4488704f79063f6bc8) Importer(815301076,1909f56bfc062723c751e8b465ee728b)
Start importing Assets/prefabs/Turret/Turet Missile1.prefab using Guid(5ac313a458cb8f4488704f79063f6bc8) Importer(815301076,1909f56bfc062723c751e8b465ee728b)  -> (artifact id: 'e2048f69c7ceb3e82c672c28843fe935') in 0.027078 seconds
  Import took 0.031405 seconds .

========================================================================
Received Prepare
Registering precompiled user dll's ...
Registered in 0.003584 seconds.
Begin MonoManager ReloadAssembly
Native extension for WindowsStandalone target not found
Refreshing native plugins compatible for Editor in 0.56 ms, found 0 plugins.
Preloading 0 native plugins for Editor in 0.00 ms.
Invoked RoslynAnalysisRunner static constructor.
RoslynAnalysisRunner will not be running.
RoslynAnalysisRunner has terminated.
Mono: successfully reloaded assembly
- Completed reload, in  1.126 seconds
Platform modules already initialized, skipping
Refreshing native plugins compatible for Editor in 0.49 ms, found 0 plugins.
Preloading 0 native plugins for Editor in 0.00 ms.
Unloading 1421 Unused Serialized files (Serialized files now loaded: 0)
System memory in use before: 77.0 MB.
System memory in use after: 77.1 MB.

Unloading 24 unused Assets to reduce memory usage. Loaded Objects now: 1914.
Total: 2.613800 ms (FindLiveObjects: 0.434700 ms CreateObjectMapping: 0.220500 ms MarkObjects: 1.924500 ms  DeleteObjects: 0.031500 ms)

========================================================================
Received Prepare
Registering precompiled user dll's ...
Registered in 0.004214 seconds.
Begin MonoManager ReloadAssembly
Native extension for WindowsStandalone target not found
Refreshing native plugins compatible for Editor in 0.55 ms, found 0 plugins.
Preloading 0 native plugins for Editor in 0.00 ms.
Invoked RoslynAnalysisRunner static constructor.
RoslynAnalysisRunner will not be running.
RoslynAnalysisRunner has terminated.
Mono: successfully reloaded assembly
- Completed reload, in  1.272 seconds
Platform modules already initialized, skipping
Refreshing native plugins compatible for Editor in 1.20 ms, found 0 plugins.
Preloading 0 native plugins for Editor in 0.00 ms.
Unloading 1421 Unused Serialized files (Serialized files now loaded: 0)
System memory in use before: 77.0 MB.
System memory in use after: 77.1 MB.

Unloading 24 unused Assets to reduce memory usage. Loaded Objects now: 1916.
Total: 3.328000 ms (FindLiveObjects: 0.496500 ms CreateObjectMapping: 0.079900 ms MarkObjects: 2.724800 ms  DeleteObjects: 0.024200 ms)

========================================================================
Received Prepare
Registering precompiled user dll's ...
Registered in 0.003693 seconds.
Begin MonoManager ReloadAssembly
Native extension for WindowsStandalone target not found
Refreshing native plugins compatible for Editor in 0.47 ms, found 0 plugins.
Preloading 0 native plugins for Editor in 0.00 ms.
Invoked RoslynAnalysisRunner static constructor.
RoslynAnalysisRunner will not be running.
RoslynAnalysisRunner has terminated.
Mono: successfully reloaded assembly
- Completed reload, in  1.106 seconds
Platform modules already initialized, skipping
Refreshing native plugins compatible for Editor in 0.80 ms, found 0 plugins.
Preloading 0 native plugins for Editor in 0.00 ms.
Unloading 1421 Unused Serialized files (Serialized files now loaded: 0)
System memory in use before: 77.0 MB.
System memory in use after: 77.2 MB.

Unloading 24 unused Assets to reduce memory usage. Loaded Objects now: 1918.
Total: 3.631400 ms (FindLiveObjects: 0.287600 ms CreateObjectMapping: 0.098100 ms MarkObjects: 3.204700 ms  DeleteObjects: 0.037800 ms)

========================================================================
Received Prepare
Registering precompiled user dll's ...
Registered in 0.002846 seconds.
Begin MonoManager ReloadAssembly
Native extension for WindowsStandalone target not found
Refreshing native plugins compatible for Editor in 0.48 ms, found 0 plugins.
Preloading 0 native plugins for Editor in 0.00 ms.
Invoked RoslynAnalysisRunner static constructor.
RoslynAnalysisRunner will not be running.
RoslynAnalysisRunner has terminated.
Mono: successfully reloaded assembly
- Completed reload, in  1.088 seconds
Platform modules already initialized, skipping
Refreshing native plugins compatible for Editor in 0.79 ms, found 0 plugins.
Preloading 0 native plugins for Editor in 0.00 ms.
Unloading 1421 Unused Serialized files (Serialized files now loaded: 0)
System memory in use before: 77.0 MB.
System memory in use after: 77.2 MB.

Unloading 24 unused Assets to reduce memory usage. Loaded Objects now: 1920.
Total: 2.700400 ms (FindLiveObjects: 0.392400 ms CreateObjectMapping: 0.089100 ms MarkObjects: 2.184000 ms  DeleteObjects: 0.031700 ms)

========================================================================
Received Prepare
Registering precompiled user dll's ...
Registered in 0.003169 seconds.
Begin MonoManager ReloadAssembly
Native extension for WindowsStandalone target not found
Refreshing native plugins compatible for Editor in 0.47 ms, found 0 plugins.
Preloading 0 native plugins for Editor in 0.00 ms.
Invoked RoslynAnalysisRunner static constructor.
RoslynAnalysisRunner will not be running.
RoslynAnalysisRunner has terminated.
Mono: successfully reloaded assembly
- Completed reload, in  1.135 seconds
Platform modules already initialized, skipping
Refreshing native plugins compatible for Editor in 0.78 ms, found 0 plugins.
Preloading 0 native plugins for Editor in 0.00 ms.
Unloading 1421 Unused Serialized files (Serialized files now loaded: 0)
System memory in use before: 77.1 MB.
System memory in use after: 77.2 MB.

Unloading 24 unused Assets to reduce memory usage. Loaded Objects now: 1922.
Total: 3.945100 ms (FindLiveObjects: 0.271300 ms CreateObjectMapping: 0.826000 ms MarkObjects: 2.821100 ms  DeleteObjects: 0.024000 ms)

========================================================================
Received Prepare
Registering precompiled user dll's ...
Registered in 0.003182 seconds.
Begin MonoManager ReloadAssembly
Native extension for WindowsStandalone target not found
Refreshing native plugins compatible for Editor in 0.49 ms, found 0 plugins.
Preloading 0 native plugins for Editor in 0.00 ms.
Invoked RoslynAnalysisRunner static constructor.
RoslynAnalysisRunner will not be running.
RoslynAnalysisRunner has terminated.
Mono: successfully reloaded assembly
- Completed reload, in  1.181 seconds
Platform modules already initialized, skipping
Refreshing native plugins compatible for Editor in 0.48 ms, found 0 plugins.
Preloading 0 native plugins for Editor in 0.00 ms.
Unloading 1421 Unused Serialized files (Serialized files now loaded: 0)
System memory in use before: 77.1 MB.
System memory in use after: 77.2 MB.

Unloading 24 unused Assets to reduce memory usage. Loaded Objects now: 1924.
Total: 2.999300 ms (FindLiveObjects: 0.379700 ms CreateObjectMapping: 0.085200 ms MarkObjects: 2.497800 ms  DeleteObjects: 0.032700 ms)

========================================================================
Received Import Request.
  Time since last request: 713.016089 seconds.
  path: Assets/prefabs/Turret/Turet Missile1.prefab
  artifactKey: Guid(5ac313a458cb8f4488704f79063f6bc8) Importer(815301076,1909f56bfc062723c751e8b465ee728b)
Start importing Assets/prefabs/Turret/Turet Missile1.prefab using Guid(5ac313a458cb8f4488704f79063f6bc8) Importer(815301076,1909f56bfc062723c751e8b465ee728b)  -> (artifact id: '91bb6882f7140917fb5032a6b14e9747') in 0.113115 seconds
  Import took 0.118115 seconds .

========================================================================
Received Prepare
Registering precompiled user dll's ...
Registered in 0.007066 seconds.
Begin MonoManager ReloadAssembly
Native extension for WindowsStandalone target not found
Refreshing native plugins compatible for Editor in 0.46 ms, found 0 plugins.
Preloading 0 native plugins for Editor in 0.00 ms.
Invoked RoslynAnalysisRunner static constructor.
RoslynAnalysisRunner will not be running.
RoslynAnalysisRunner has terminated.
Mono: successfully reloaded assembly
- Completed reload, in  1.129 seconds
Platform modules already initialized, skipping
Refreshing native plugins compatible for Editor in 0.48 ms, found 0 plugins.
Preloading 0 native plugins for Editor in 0.00 ms.
Unloading 1421 Unused Serialized files (Serialized files now loaded: 0)
System memory in use before: 77.1 MB.
System memory in use after: 77.2 MB.

Unloading 24 unused Assets to reduce memory usage. Loaded Objects now: 1927.
Total: 2.963700 ms (FindLiveObjects: 0.270200 ms CreateObjectMapping: 0.107200 ms MarkObjects: 2.549900 ms  DeleteObjects: 0.032700 ms)

========================================================================
Received Prepare
Registering precompiled user dll's ...
Registered in 0.007182 seconds.
Begin MonoManager ReloadAssembly
Native extension for WindowsStandalone target not found
Refreshing native plugins compatible for Editor in 0.47 ms, found 0 plugins.
Preloading 0 native plugins for Editor in 0.00 ms.
Invoked RoslynAnalysisRunner static constructor.
RoslynAnalysisRunner will not be running.
RoslynAnalysisRunner has terminated.
Mono: successfully reloaded assembly
- Completed reload, in  1.099 seconds
Platform modules already initialized, skipping
Refreshing native plugins compatible for Editor in 0.47 ms, found 0 plugins.
Preloading 0 native plugins for Editor in 0.00 ms.
Unloading 1421 Unused Serialized files (Serialized files now loaded: 0)
System memory in use before: 77.1 MB.
System memory in use after: 77.2 MB.

Unloading 24 unused Assets to reduce memory usage. Loaded Objects now: 1929.
Total: 3.560200 ms (FindLiveObjects: 0.420800 ms CreateObjectMapping: 0.167900 ms MarkObjects: 2.933000 ms  DeleteObjects: 0.034600 ms)

========================================================================
Received Prepare
Registering precompiled user dll's ...
Registered in 0.004245 seconds.
Begin MonoManager ReloadAssembly
Native extension for WindowsStandalone target not found
Refreshing native plugins compatible for Editor in 0.51 ms, found 0 plugins.
Preloading 0 native plugins for Editor in 0.00 ms.
Invoked RoslynAnalysisRunner static constructor.
RoslynAnalysisRunner will not be running.
RoslynAnalysisRunner has terminated.
Mono: successfully reloaded assembly
- Completed reload, in  1.094 seconds
Platform modules already initialized, skipping
Refreshing native plugins compatible for Editor in 0.81 ms, found 0 plugins.
Preloading 0 native plugins for Editor in 0.00 ms.
Unloading 1421 Unused Serialized files (Serialized files now loaded: 0)
System memory in use before: 77.1 MB.
System memory in use after: 77.2 MB.

Unloading 24 unused Assets to reduce memory usage. Loaded Objects now: 1931.
Total: 2.592100 ms (FindLiveObjects: 0.340000 ms CreateObjectMapping: 0.098200 ms MarkObjects: 2.116200 ms  DeleteObjects: 0.035300 ms)

========================================================================
Received Import Request.
  Time since last request: 1474.882231 seconds.
  path: Assets/prefabs/Turret/Turet Missile1.prefab
  artifactKey: Guid(5ac313a458cb8f4488704f79063f6bc8) Importer(815301076,1909f56bfc062723c751e8b465ee728b)
Start importing Assets/prefabs/Turret/Turet Missile1.prefab using Guid(5ac313a458cb8f4488704f79063f6bc8) Importer(815301076,1909f56bfc062723c751e8b465ee728b)  -> (artifact id: '4685468c16f7fa6f6f4f75ad8b352bbb') in 0.094397 seconds
  Import took 0.099288 seconds .

========================================================================
Received Import Request.
  Time since last request: 2.272100 seconds.
  path: Assets/prefabs/Turret/Turet Missile1.prefab
  artifactKey: Guid(5ac313a458cb8f4488704f79063f6bc8) Importer(815301076,1909f56bfc062723c751e8b465ee728b)
Start importing Assets/prefabs/Turret/Turet Missile1.prefab using Guid(5ac313a458cb8f4488704f79063f6bc8) Importer(815301076,1909f56bfc062723c751e8b465ee728b)  -> (artifact id: '4685468c16f7fa6f6f4f75ad8b352bbb') in 0.024130 seconds
  Import took 0.029101 seconds .

========================================================================
Received Prepare
Registering precompiled user dll's ...
Registered in 0.009092 seconds.
Begin MonoManager ReloadAssembly
Native extension for WindowsStandalone target not found
Refreshing native plugins compatible for Editor in 0.81 ms, found 0 plugins.
Preloading 0 native plugins for Editor in 0.00 ms.
Invoked RoslynAnalysisRunner static constructor.
RoslynAnalysisRunner will not be running.
RoslynAnalysisRunner has terminated.
Mono: successfully reloaded assembly
- Completed reload, in  1.611 seconds
Platform modules already initialized, skipping
Refreshing native plugins compatible for Editor in 0.50 ms, found 0 plugins.
Preloading 0 native plugins for Editor in 0.00 ms.
Unloading 1421 Unused Serialized files (Serialized files now loaded: 0)
System memory in use before: 77.1 MB.
System memory in use after: 77.2 MB.

Unloading 24 unused Assets to reduce memory usage. Loaded Objects now: 1934.
Total: 3.145700 ms (FindLiveObjects: 0.253700 ms CreateObjectMapping: 0.108300 ms MarkObjects: 2.737300 ms  DeleteObjects: 0.044000 ms)

========================================================================
Received Prepare
Registering precompiled user dll's ...
Registered in 0.002593 seconds.
Begin MonoManager ReloadAssembly
Native extension for WindowsStandalone target not found
Refreshing native plugins compatible for Editor in 0.55 ms, found 0 plugins.
Preloading 0 native plugins for Editor in 0.00 ms.
Invoked RoslynAnalysisRunner static constructor.
RoslynAnalysisRunner will not be running.
RoslynAnalysisRunner has terminated.
Mono: successfully reloaded assembly
- Completed reload, in  1.146 seconds
Platform modules already initialized, skipping
Refreshing native plugins compatible for Editor in 0.48 ms, found 0 plugins.
Preloading 0 native plugins for Editor in 0.00 ms.
Unloading 1421 Unused Serialized files (Serialized files now loaded: 0)
System memory in use before: 77.1 MB.
System memory in use after: 77.2 MB.

Unloading 24 unused Assets to reduce memory usage. Loaded Objects now: 1936.
Total: 2.683500 ms (FindLiveObjects: 0.332100 ms CreateObjectMapping: 0.179400 ms MarkObjects: 2.122900 ms  DeleteObjects: 0.045400 ms)

========================================================================
Received Prepare
Registering precompiled user dll's ...
Registered in 0.002663 seconds.
Begin MonoManager ReloadAssembly
Native extension for WindowsStandalone target not found
Refreshing native plugins compatible for Editor in 0.80 ms, found 0 plugins.
Preloading 0 native plugins for Editor in 0.00 ms.
Invoked RoslynAnalysisRunner static constructor.
RoslynAnalysisRunner will not be running.
RoslynAnalysisRunner has terminated.
Mono: successfully reloaded assembly
- Completed reload, in  1.526 seconds
Platform modules already initialized, skipping
Refreshing native plugins compatible for Editor in 0.55 ms, found 0 plugins.
Preloading 0 native plugins for Editor in 0.00 ms.
Unloading 1421 Unused Serialized files (Serialized files now loaded: 0)
System memory in use before: 77.1 MB.
System memory in use after: 77.2 MB.

Unloading 24 unused Assets to reduce memory usage. Loaded Objects now: 1938.
Total: 3.847300 ms (FindLiveObjects: 0.303100 ms CreateObjectMapping: 0.088300 ms MarkObjects: 3.419500 ms  DeleteObjects: 0.034000 ms)

========================================================================
Received Prepare
Registering precompiled user dll's ...
Registered in 0.002716 seconds.
Begin MonoManager ReloadAssembly
Native extension for WindowsStandalone target not found
Refreshing native plugins compatible for Editor in 0.46 ms, found 0 plugins.
Preloading 0 native plugins for Editor in 0.00 ms.
Invoked RoslynAnalysisRunner static constructor.
RoslynAnalysisRunner will not be running.
RoslynAnalysisRunner has terminated.
Mono: successfully reloaded assembly
- Completed reload, in  1.125 seconds
Platform modules already initialized, skipping
Refreshing native plugins compatible for Editor in 0.49 ms, found 0 plugins.
Preloading 0 native plugins for Editor in 0.00 ms.
Unloading 1421 Unused Serialized files (Serialized files now loaded: 0)
System memory in use before: 77.1 MB.
System memory in use after: 77.2 MB.

Unloading 24 unused Assets to reduce memory usage. Loaded Objects now: 1940.
Total: 2.872800 ms (FindLiveObjects: 0.204800 ms CreateObjectMapping: 0.081500 ms MarkObjects: 2.552900 ms  DeleteObjects: 0.031000 ms)

========================================================================
Received Prepare
Registering precompiled user dll's ...
Registered in 0.002551 seconds.
Begin MonoManager ReloadAssembly
Native extension for WindowsStandalone target not found
Refreshing native plugins compatible for Editor in 0.57 ms, found 0 plugins.
Preloading 0 native plugins for Editor in 0.00 ms.
Invoked RoslynAnalysisRunner static constructor.
RoslynAnalysisRunner will not be running.
RoslynAnalysisRunner has terminated.
Mono: successfully reloaded assembly
- Completed reload, in  1.255 seconds
Platform modules already initialized, skipping
Refreshing native plugins compatible for Editor in 0.51 ms, found 0 plugins.
Preloading 0 native plugins for Editor in 0.00 ms.
Unloading 1421 Unused Serialized files (Serialized files now loaded: 0)
System memory in use before: 77.1 MB.
System memory in use after: 77.2 MB.

Unloading 24 unused Assets to reduce memory usage. Loaded Objects now: 1942.
Total: 3.474900 ms (FindLiveObjects: 0.380300 ms CreateObjectMapping: 0.134700 ms MarkObjects: 2.901800 ms  DeleteObjects: 0.054900 ms)

========================================================================
Received Prepare
Registering precompiled user dll's ...
Registered in 0.007110 seconds.
Begin MonoManager ReloadAssembly
Native extension for WindowsStandalone target not found
Refreshing native plugins compatible for Editor in 0.47 ms, found 0 plugins.
Preloading 0 native plugins for Editor in 0.00 ms.
Invoked RoslynAnalysisRunner static constructor.
RoslynAnalysisRunner will not be running.
RoslynAnalysisRunner has terminated.
Mono: successfully reloaded assembly
- Completed reload, in  1.102 seconds
Platform modules already initialized, skipping
Refreshing native plugins compatible for Editor in 0.56 ms, found 0 plugins.
Preloading 0 native plugins for Editor in 0.00 ms.
Unloading 1421 Unused Serialized files (Serialized files now loaded: 0)
System memory in use before: 77.1 MB.
System memory in use after: 77.2 MB.

Unloading 24 unused Assets to reduce memory usage. Loaded Objects now: 1944.
Total: 3.238400 ms (FindLiveObjects: 0.271500 ms CreateObjectMapping: 0.104800 ms MarkObjects: 2.821600 ms  DeleteObjects: 0.038100 ms)

========================================================================
Received Prepare
Registering precompiled user dll's ...
Registered in 0.002738 seconds.
Begin MonoManager ReloadAssembly
Native extension for WindowsStandalone target not found
Refreshing native plugins compatible for Editor in 0.57 ms, found 0 plugins.
Preloading 0 native plugins for Editor in 0.00 ms.
Invoked RoslynAnalysisRunner static constructor.
RoslynAnalysisRunner will not be running.
RoslynAnalysisRunner has terminated.
Mono: successfully reloaded assembly
- Completed reload, in  1.099 seconds
Platform modules already initialized, skipping
Refreshing native plugins compatible for Editor in 0.47 ms, found 0 plugins.
Preloading 0 native plugins for Editor in 0.00 ms.
Unloading 1421 Unused Serialized files (Serialized files now loaded: 0)
System memory in use before: 77.1 MB.
System memory in use after: 77.2 MB.

Unloading 24 unused Assets to reduce memory usage. Loaded Objects now: 1946.
Total: 4.018500 ms (FindLiveObjects: 0.622600 ms CreateObjectMapping: 0.253600 ms MarkObjects: 3.088700 ms  DeleteObjects: 0.048600 ms)

